Generated at 2015-03-03 19:59:35 -0800
Mixlib::ShellOut::ShellCommandFailed: package[update-notifier-common] (apt::default line 75) had an error: Mixlib::ShellOut::ShellCommandFailed: Expected process to exit with [0], but received '100'
---- Begin output of apt-get -q -y install update-notifier-common=0.154.1ubuntu1 ----
STDOUT: 
STDERR: E: Could not open lock file /var/lib/dpkg/lock - open (13: Permission denied)
E: Unable to lock the administration directory (/var/lib/dpkg/), are you root?
---- End output of apt-get -q -y install update-notifier-common=0.154.1ubuntu1 ----
Ran apt-get -q -y install update-notifier-common=0.154.1ubuntu1 returned 100
/usr/lib/ruby/vendor_ruby/mixlib/shellout.rb:253:in `invalid!'
/usr/lib/ruby/vendor_ruby/mixlib/shellout.rb:239:in `error!'
/usr/lib/ruby/vendor_ruby/chef/mixin/shell_out.rb:45:in `shell_out!'
/usr/lib/ruby/vendor_ruby/chef/provider/package/apt.rb:126:in `run_noninteractive'
/usr/lib/ruby/vendor_ruby/chef/provider/package/apt.rb:94:in `install_package'
/usr/lib/ruby/vendor_ruby/chef/provider/package.rb:82:in `block in action_install'
/usr/lib/ruby/vendor_ruby/chef/mixin/why_run.rb:52:in `call'
/usr/lib/ruby/vendor_ruby/chef/mixin/why_run.rb:52:in `add_action'
/usr/lib/ruby/vendor_ruby/chef/provider.rb:149:in `converge_by'
/usr/lib/ruby/vendor_ruby/chef/provider/package.rb:80:in `action_install'
/usr/lib/ruby/vendor_ruby/chef/provider.rb:114:in `run_action'
/usr/lib/ruby/vendor_ruby/chef/resource.rb:625:in `run_action'
/usr/lib/ruby/vendor_ruby/chef/runner.rb:49:in `run_action'
/usr/lib/ruby/vendor_ruby/chef/runner.rb:81:in `block (2 levels) in converge'
/usr/lib/ruby/vendor_ruby/chef/runner.rb:81:in `each'
/usr/lib/ruby/vendor_ruby/chef/runner.rb:81:in `block in converge'
/usr/lib/ruby/vendor_ruby/chef/resource_collection.rb:98:in `block in execute_each_resource'
/usr/lib/ruby/vendor_ruby/chef/resource_collection/stepable_iterator.rb:116:in `call'
/usr/lib/ruby/vendor_ruby/chef/resource_collection/stepable_iterator.rb:116:in `call_iterator_block'
/usr/lib/ruby/vendor_ruby/chef/resource_collection/stepable_iterator.rb:85:in `step'
/usr/lib/ruby/vendor_ruby/chef/resource_collection/stepable_iterator.rb:104:in `iterate'
/usr/lib/ruby/vendor_ruby/chef/resource_collection/stepable_iterator.rb:55:in `each_with_index'
/usr/lib/ruby/vendor_ruby/chef/resource_collection.rb:96:in `execute_each_resource'
/usr/lib/ruby/vendor_ruby/chef/runner.rb:80:in `converge'
/usr/lib/ruby/vendor_ruby/chef/client.rb:433:in `converge'
/usr/lib/ruby/vendor_ruby/chef/client.rb:500:in `do_run'
/usr/lib/ruby/vendor_ruby/chef/client.rb:199:in `block in run'
/usr/lib/ruby/vendor_ruby/chef/client.rb:193:in `fork'
/usr/lib/ruby/vendor_ruby/chef/client.rb:193:in `run'
/usr/lib/ruby/vendor_ruby/chef/application.rb:208:in `run_chef_client'
/usr/lib/ruby/vendor_ruby/chef/application/solo.rb:221:in `block in run_application'
/usr/lib/ruby/vendor_ruby/chef/application/solo.rb:213:in `loop'
/usr/lib/ruby/vendor_ruby/chef/application/solo.rb:213:in `run_application'
/usr/lib/ruby/vendor_ruby/chef/application.rb:66:in `run'
/usr/bin/chef-solo:24:in `<main>'